# JRE version: OpenJDK Runtime Environment (18.0+36) (build 18+36-2087)
# Java VM: OpenJDK 64-Bit Server VM (18+36-2087, mixed mode, sharing, tiered, compressed oops, compressed class ptrs, g1 gc, windows-amd64)
GC Precious Log:
 CardTable entry size: 512
 Card Set container configuration: InlinePtr #cards 5 size 8 Array Of Cards #cards 12 size 40 Howl #buckets 4 coarsen threshold 1843 Howl Bitmap #cards 512 size 80 coarsen threshold 460 Card regions per heap region 1 cards per card region 2048
 CPUs: 4 total, 4 available
 Memory: 3987M
 Large Page Support: Disabled
 NUMA Support: Disabled
 Compressed Oops: Enabled (32-bit)
 Heap Region Size: 1M
 Heap Min Capacity: 8M
 Heap Initial Capacity: 64M
 Heap Max Capacity: 998M
 Pre-touch: Disabled
 Parallel Workers: 4
 Concurrent Workers: 1
 Concurrent Refinement Workers: 4
 Periodic GC: Disabled
Heap:
 garbage-first heap   total 66560K, used 35750K [0x00000000c1a00000, 0x0000000100000000)
  region size 1024K, 16 young (16384K), 4 survivors (4096K)
 Metaspace       used 44122K, committed 44672K, reserved 1114112K
  class space    used 5745K, committed 6016K, reserved 1048576K
GC Heap History (20 events):
Event: 5.140 GC heap before
{Heap before GC invocations=2 (full 0):
 garbage-first heap   total 65536K, used 26751K [0x00000000c1a00000, 0x0000000100000000)
  region size 1024K, 20 young (20480K), 2 survivors (2048K)
 Metaspace       used 8438K, committed 8704K, reserved 1114112K
  class space    used 988K, committed 1088K, reserved 1048576K
}
Event: 5.145 GC heap after
{Heap after GC invocations=3 (full 0):
 garbage-first heap   total 65536K, used 8756K [0x00000000c1a00000, 0x0000000100000000)
  region size 1024K, 2 young (2048K), 2 survivors (2048K)
 Metaspace       used 8438K, committed 8704K, reserved 1114112K
  class space    used 988K, committed 1088K, reserved 1048576K
}
Event: 6.083 GC heap before
{Heap before GC invocations=3 (full 0):
 garbage-first heap   total 65536K, used 42548K [0x00000000c1a00000, 0x0000000100000000)
  region size 1024K, 36 young (36864K), 2 survivors (2048K)
 Metaspace       used 16977K, committed 17216K, reserved 1114112K
  class space    used 2072K, committed 2176K, reserved 1048576K
}
Event: 6.093 GC heap after
{Heap after GC invocations=4 (full 0):
 garbage-first heap   total 65536K, used 10813K [0x00000000c1a00000, 0x0000000100000000)
  region size 1024K, 4 young (4096K), 4 survivors (4096K)
 Metaspace       used 16977K, committed 17216K, reserved 1114112K
  class space    used 2072K, committed 2176K, reserved 1048576K
}
Event: 7.419 GC heap before
{Heap before GC invocations=4 (full 0):
 garbage-first heap   total 65536K, used 40509K [0x00000000c1a00000, 0x0000000100000000)
  region size 1024K, 35 young (35840K), 4 survivors (4096K)
 Metaspace       used 21228K, committed 21504K, reserved 1114112K
  class space    used 2603K, committed 2752K, reserved 1048576K
}
Event: 7.427 GC heap after
{Heap after GC invocations=5 (full 0):
 garbage-first heap   total 65536K, used 13447K [0x00000000c1a00000, 0x0000000100000000)
  region size 1024K, 5 young (5120K), 5 survivors (5120K)
 Metaspace       used 21228K, committed 21504K, reserved 1114112K
  class space    used 2603K, committed 2752K, reserved 1048576K
}
Event: 8.176 GC heap before
{Heap before GC invocations=6 (full 0):
 garbage-first heap   total 51200K, used 39047K [0x00000000c1a00000, 0x0000000100000000)
  region size 1024K, 30 young (30720K), 5 survivors (5120K)
 Metaspace       used 23121K, committed 23424K, reserved 1114112K
  class space    used 2874K, committed 3008K, reserved 1048576K
}
Event: 8.184 GC heap after
{Heap after GC invocations=7 (full 0):
 garbage-first heap   total 51200K, used 14601K [0x00000000c1a00000, 0x0000000100000000)
  region size 1024K, 3 young (3072K), 3 survivors (3072K)
 Metaspace       used 23121K, committed 23424K, reserved 1114112K
  class space    used 2874K, committed 3008K, reserved 1048576K
}
Event: 8.219 GC heap before
{Heap before GC invocations=7 (full 0):
 garbage-first heap   total 51200K, used 15625K [0x00000000c1a00000, 0x0000000100000000)
  region size 1024K, 4 young (4096K), 3 survivors (3072K)
 Metaspace       used 23230K, committed 23488K, reserved 1114112K
  class space    used 2892K, committed 3008K, reserved 1048576K
}
Event: 8.222 GC heap after
{Heap after GC invocations=8 (full 0):
 garbage-first heap   total 51200K, used 14693K [0x00000000c1a00000, 0x0000000100000000)
  region size 1024K, 1 young (1024K), 1 survivors (1024K)
 Metaspace       used 23230K, committed 23488K, reserved 1114112K
  class space    used 2892K, committed 3008K, reserved 1048576K
}
Event: 9.669 GC heap before
{Heap before GC invocations=8 (full 0):
 garbage-first heap   total 51200K, used 35173K [0x00000000c1a00000, 0x0000000100000000)
  region size 1024K, 22 young (22528K), 1 survivors (1024K)
 Metaspace       used 26716K, committed 27008K, reserved 1114112K
  class space    used 3373K, committed 3520K, reserved 1048576K
}
Event: 9.674 GC heap after
{Heap after GC invocations=9 (full 0):
 garbage-first heap   total 66560K, used 16740K [0x00000000c1a00000, 0x0000000100000000)
  region size 1024K, 3 young (3072K), 3 survivors (3072K)
 Metaspace       used 26716K, committed 27008K, reserved 1114112K
  class space    used 3373K, committed 3520K, reserved 1048576K
}
Event: 11.345 GC heap before
{Heap before GC invocations=9 (full 0):
 garbage-first heap   total 66560K, used 48484K [0x00000000c1a00000, 0x0000000100000000)
  region size 1024K, 34 young (34816K), 3 survivors (3072K)
 Metaspace       used 30687K, committed 31040K, reserved 1114112K
  class space    used 3869K, committed 4032K, reserved 1048576K
}
Event: 11.352 GC heap after
{Heap after GC invocations=10 (full 0):
 garbage-first heap   total 66560K, used 19199K [0x00000000c1a00000, 0x0000000100000000)
  region size 1024K, 5 young (5120K), 5 survivors (5120K)
 Metaspace       used 30687K, committed 31040K, reserved 1114112K
  class space    used 3869K, committed 4032K, reserved 1048576K
}
Event: 13.536 GC heap before
{Heap before GC invocations=10 (full 0):
 garbage-first heap   total 66560K, used 49919K [0x00000000c1a00000, 0x0000000100000000)
  region size 1024K, 35 young (35840K), 5 survivors (5120K)
 Metaspace       used 35477K, committed 35968K, reserved 1114112K
  class space    used 4616K, committed 4864K, reserved 1048576K
}
Event: 13.549 GC heap after
{Heap after GC invocations=11 (full 0):
 garbage-first heap   total 66560K, used 21566K [0x00000000c1a00000, 0x0000000100000000)
  region size 1024K, 5 young (5120K), 5 survivors (5120K)
 Metaspace       used 35477K, committed 35968K, reserved 1114112K
  class space    used 4616K, committed 4864K, reserved 1048576K
}
Event: 13.553 GC heap before
{Heap before GC invocations=11 (full 0):
 garbage-first heap   total 66560K, used 21566K [0x00000000c1a00000, 0x0000000100000000)
  region size 1024K, 6 young (6144K), 5 survivors (5120K)
 Metaspace       used 35522K, committed 35968K, reserved 1114112K
  class space    used 4623K, committed 4864K, reserved 1048576K
}
Event: 13.562 GC heap after
{Heap after GC invocations=12 (full 0):
 garbage-first heap   total 66560K, used 22188K [0x00000000c1a00000, 0x0000000100000000)
  region size 1024K, 1 young (1024K), 1 survivors (1024K)
 Metaspace       used 35522K, committed 35968K, reserved 1114112K
  class space    used 4623K, committed 4864K, reserved 1048576K
}
Event: 17.173 GC heap before
{Heap before GC invocations=13 (full 0):
 garbage-first heap   total 66560K, used 51884K [0x00000000c1a00000, 0x0000000100000000)
  region size 1024K, 30 young (30720K), 1 survivors (1024K)
 Metaspace       used 42933K, committed 43520K, reserved 1114112K
  class space    used 5611K, committed 5888K, reserved 1048576K
}
Event: 17.180 GC heap after
{Heap after GC invocations=14 (full 0):
 garbage-first heap   total 66560K, used 24486K [0x00000000c1a00000, 0x0000000100000000)
  region size 1024K, 4 young (4096K), 4 survivors (4096K)
 Metaspace       used 42933K, committed 43520K, reserved 1114112K
  class space    used 5611K, committed 5888K, reserved 1048576K
}

