# JRE version: Java(TM) SE Runtime Environment (17.0.1+12) (build 17.0.1+12-LTS-39)
# Java VM: Java HotSpot(TM) 64-Bit Server VM (17.0.1+12-LTS-39, mixed mode, sharing, tiered, compressed oops, compressed class ptrs, g1 gc, windows-amd64)
GC Precious Log:
 CPUs: 4 total, 4 available
 Memory: 3987M
 Large Page Support: Disabled
 NUMA Support: Disabled
 Compressed Oops: Enabled (32-bit)
 Heap Region Size: 1M
 Heap Min Capacity: 8M
 Heap Initial Capacity: 64M
 Heap Max Capacity: 998M
 Pre-touch: Disabled
 Parallel Workers: 4
 Concurrent Workers: 1
 Concurrent Refinement Workers: 4
 Periodic GC: Disabled
Heap:
 garbage-first heap   total 73728K, used 45940K [0x00000000c1a00000, 0x0000000100000000)
  region size 1024K, 2 young (2048K), 2 survivors (2048K)
 Metaspace       used 40220K, committed 40512K, reserved 1089536K
  class space    used 5224K, committed 5376K, reserved 1048576K
GC Heap History (20 events):
Event: 8.607 GC heap after
{Heap after GC invocations=11 (full 0):
 garbage-first heap   total 48128K, used 24614K [0x00000000c1a00000, 0x0000000100000000)
  region size 1024K, 3 young (3072K), 3 survivors (3072K)
 Metaspace       used 29396K, committed 29760K, reserved 1081344K
  class space    used 3741K, committed 3904K, reserved 1048576K
}
Event: 8.696 GC heap before
{Heap before GC invocations=12 (full 0):
 garbage-first heap   total 50176K, used 34854K [0x00000000c1a00000, 0x0000000100000000)
  region size 1024K, 13 young (13312K), 3 survivors (3072K)
 Metaspace       used 29404K, committed 29760K, reserved 1081344K
  class space    used 3742K, committed 3904K, reserved 1048576K
}
Event: 8.699 GC heap after
{Heap after GC invocations=13 (full 0):
 garbage-first heap   total 50176K, used 19859K [0x00000000c1a00000, 0x0000000100000000)
  region size 1024K, 1 young (1024K), 1 survivors (1024K)
 Metaspace       used 29404K, committed 29760K, reserved 1081344K
  class space    used 3742K, committed 3904K, reserved 1048576K
}
Event: 8.833 GC heap before
{Heap before GC invocations=13 (full 0):
 garbage-first heap   total 50176K, used 37267K [0x00000000c1a00000, 0x0000000100000000)
  region size 1024K, 18 young (18432K), 1 survivors (1024K)
 Metaspace       used 29895K, committed 30272K, reserved 1081344K
  class space    used 3791K, committed 3968K, reserved 1048576K
}
Event: 8.835 GC heap after
{Heap after GC invocations=14 (full 0):
 garbage-first heap   total 50176K, used 19783K [0x00000000c1a00000, 0x0000000100000000)
  region size 1024K, 1 young (1024K), 1 survivors (1024K)
 Metaspace       used 29895K, committed 30272K, reserved 1081344K
  class space    used 3791K, committed 3968K, reserved 1048576K
}
Event: 9.478 GC heap before
{Heap before GC invocations=14 (full 0):
 garbage-first heap   total 50176K, used 39239K [0x00000000c1a00000, 0x0000000100000000)
  region size 1024K, 20 young (20480K), 1 survivors (1024K)
 Metaspace       used 32353K, committed 32640K, reserved 1081344K
  class space    used 4133K, committed 4288K, reserved 1048576K
}
Event: 9.481 GC heap after
{Heap after GC invocations=15 (full 0):
 garbage-first heap   total 60416K, used 20579K [0x00000000c1a00000, 0x0000000100000000)
  region size 1024K, 2 young (2048K), 2 survivors (2048K)
 Metaspace       used 32353K, committed 32640K, reserved 1081344K
  class space    used 4133K, committed 4288K, reserved 1048576K
}
Event: 10.902 GC heap before
{Heap before GC invocations=15 (full 0):
 garbage-first heap   total 60416K, used 47203K [0x00000000c1a00000, 0x0000000100000000)
  region size 1024K, 28 young (28672K), 2 survivors (2048K)
 Metaspace       used 36490K, committed 36864K, reserved 1081344K
  class space    used 4773K, committed 4928K, reserved 1048576K
}
Event: 10.907 GC heap after
{Heap after GC invocations=16 (full 0):
 garbage-first heap   total 60416K, used 23141K [0x00000000c1a00000, 0x0000000100000000)
  region size 1024K, 4 young (4096K), 4 survivors (4096K)
 Metaspace       used 36490K, committed 36864K, reserved 1081344K
  class space    used 4773K, committed 4928K, reserved 1048576K
}
Event: 11.682 GC heap before
{Heap before GC invocations=16 (full 0):
 garbage-first heap   total 60416K, used 47717K [0x00000000c1a00000, 0x0000000100000000)
  region size 1024K, 28 young (28672K), 4 survivors (4096K)
 Metaspace       used 39965K, committed 40320K, reserved 1089536K
  class space    used 5212K, committed 5376K, reserved 1048576K
}
Event: 11.692 GC heap after
{Heap after GC invocations=17 (full 0):
 garbage-first heap   total 60416K, used 26752K [0x00000000c1a00000, 0x0000000100000000)
  region size 1024K, 4 young (4096K), 4 survivors (4096K)
 Metaspace       used 39965K, committed 40320K, reserved 1089536K
  class space    used 5212K, committed 5376K, reserved 1048576K
}
Event: 11.891 GC heap before
{Heap before GC invocations=17 (full 0):
 garbage-first heap   total 60416K, used 46208K [0x00000000c1a00000, 0x0000000100000000)
  region size 1024K, 23 young (23552K), 4 survivors (4096K)
 Metaspace       used 40035K, committed 40384K, reserved 1089536K
  class space    used 5212K, committed 5376K, reserved 1048576K
}
Event: 11.903 GC heap after
{Heap after GC invocations=18 (full 0):
 garbage-first heap   total 60416K, used 30568K [0x00000000c1a00000, 0x0000000100000000)
  region size 1024K, 3 young (3072K), 3 survivors (3072K)
 Metaspace       used 40035K, committed 40384K, reserved 1089536K
  class space    used 5212K, committed 5376K, reserved 1048576K
}
Event: 12.130 GC heap before
{Heap before GC invocations=18 (full 0):
 garbage-first heap   total 60416K, used 46952K [0x00000000c1a00000, 0x0000000100000000)
  region size 1024K, 19 young (19456K), 3 survivors (3072K)
 Metaspace       used 40206K, committed 40512K, reserved 1089536K
  class space    used 5224K, committed 5376K, reserved 1048576K
}
Event: 12.140 GC heap after
{Heap after GC invocations=19 (full 0):
 garbage-first heap   total 60416K, used 36021K [0x00000000c1a00000, 0x0000000100000000)
  region size 1024K, 3 young (3072K), 3 survivors (3072K)
 Metaspace       used 40206K, committed 40512K, reserved 1089536K
  class space    used 5224K, committed 5376K, reserved 1048576K
}
Event: 12.203 GC heap before
{Heap before GC invocations=19 (full 0):
 garbage-first heap   total 60416K, used 46261K [0x00000000c1a00000, 0x0000000100000000)
  region size 1024K, 13 young (13312K), 3 survivors (3072K)
 Metaspace       used 40214K, committed 40512K, reserved 1089536K
  class space    used 5224K, committed 5376K, reserved 1048576K
}
Event: 12.208 GC heap after
{Heap after GC invocations=20 (full 0):
 garbage-first heap   total 60416K, used 39848K [0x00000000c1a00000, 0x0000000100000000)
  region size 1024K, 2 young (2048K), 2 survivors (2048K)
 Metaspace       used 40214K, committed 40512K, reserved 1089536K
  class space    used 5224K, committed 5376K, reserved 1048576K
}
Event: 12.271 GC heap before
{Heap before GC invocations=21 (full 0):
 garbage-first heap   total 73728K, used 49064K [0x00000000c1a00000, 0x0000000100000000)
  region size 1024K, 10 young (10240K), 2 survivors (2048K)
 Metaspace       used 40218K, committed 40512K, reserved 1089536K
  class space    used 5224K, committed 5376K, reserved 1048576K
}
Event: 12.275 GC heap after
{Heap after GC invocations=22 (full 0):
 garbage-first heap   total 73728K, used 41715K [0x00000000c1a00000, 0x0000000100000000)
  region size 1024K, 2 young (2048K), 2 survivors (2048K)
 Metaspace       used 40218K, committed 40512K, reserved 1089536K
  class space    used 5224K, committed 5376K, reserved 1048576K
}
Event: 12.343 GC heap before
{Heap before GC invocations=22 (full 0):
 garbage-first heap   total 73728K, used 54003K [0x00000000c1a00000, 0x0000000100000000)
  region size 1024K, 15 young (15360K), 2 survivors (2048K)
 Metaspace       used 40220K, committed 40512K, reserved 1089536K
  class space    used 5224K, committed 5376K, reserved 1048576K
}

