# JRE version: Java(TM) SE Runtime Environment (17.0.1+12) (build 17.0.1+12-LTS-39)
# Java VM: Java HotSpot(TM) 64-Bit Server VM (17.0.1+12-LTS-39, mixed mode, sharing, tiered, compressed oops, compressed class ptrs, g1 gc, windows-amd64)
GC Precious Log:
 CPUs: 4 total, 4 available
 Memory: 3987M
 Large Page Support: Disabled
 NUMA Support: Disabled
 Compressed Oops: Enabled (32-bit)
 Heap Region Size: 1M
 Heap Min Capacity: 8M
 Heap Initial Capacity: 64M
 Heap Max Capacity: 998M
 Pre-touch: Disabled
 Parallel Workers: 4
 Concurrent Workers: 1
 Concurrent Refinement Workers: 4
 Periodic GC: Disabled
Heap:
 garbage-first heap   total 70656K, used 46048K [0x00000000c1a00000, 0x0000000100000000)
  region size 1024K, 27 young (27648K), 3 survivors (3072K)
 Metaspace       used 39201K, committed 39552K, reserved 1089536K
  class space    used 5129K, committed 5312K, reserved 1048576K
GC Heap History (20 events):
Event: 3.396 GC heap before
{Heap before GC invocations=3 (full 0):
 garbage-first heap   total 65536K, used 44689K [0x00000000c1a00000, 0x0000000100000000)
  region size 1024K, 38 young (38912K), 1 survivors (1024K)
 Metaspace       used 15801K, committed 16000K, reserved 1064960K
  class space    used 1937K, committed 2048K, reserved 1048576K
}
Event: 3.401 GC heap after
{Heap after GC invocations=4 (full 0):
 garbage-first heap   total 65536K, used 9710K [0x00000000c1a00000, 0x0000000100000000)
  region size 1024K, 3 young (3072K), 3 survivors (3072K)
 Metaspace       used 15801K, committed 16000K, reserved 1064960K
  class space    used 1937K, committed 2048K, reserved 1048576K
}
Event: 5.290 GC heap before
{Heap before GC invocations=4 (full 0):
 garbage-first heap   total 65536K, used 43502K [0x00000000c1a00000, 0x0000000100000000)
  region size 1024K, 37 young (37888K), 3 survivors (3072K)
 Metaspace       used 19526K, committed 19840K, reserved 1073152K
  class space    used 2361K, committed 2496K, reserved 1048576K
}
Event: 5.302 GC heap after
{Heap after GC invocations=5 (full 0):
 garbage-first heap   total 65536K, used 11877K [0x00000000c1a00000, 0x0000000100000000)
  region size 1024K, 5 young (5120K), 5 survivors (5120K)
 Metaspace       used 19526K, committed 19840K, reserved 1073152K
  class space    used 2361K, committed 2496K, reserved 1048576K
}
Event: 5.884 GC heap before
{Heap before GC invocations=5 (full 0):
 garbage-first heap   total 65536K, used 23141K [0x00000000c1a00000, 0x0000000100000000)
  region size 1024K, 17 young (17408K), 5 survivors (5120K)
 Metaspace       used 21193K, committed 21504K, reserved 1073152K
  class space    used 2594K, committed 2752K, reserved 1048576K
}
Event: 5.894 GC heap after
{Heap after GC invocations=6 (full 0):
 garbage-first heap   total 65536K, used 12935K [0x00000000c1a00000, 0x0000000100000000)
  region size 1024K, 4 young (4096K), 4 survivors (4096K)
 Metaspace       used 21193K, committed 21504K, reserved 1073152K
  class space    used 2594K, committed 2752K, reserved 1048576K
}
Event: 7.480 GC heap before
{Heap before GC invocations=7 (full 0):
 garbage-first heap   total 51200K, used 39559K [0x00000000c1a00000, 0x0000000100000000)
  region size 1024K, 30 young (30720K), 4 survivors (4096K)
 Metaspace       used 26091K, committed 26432K, reserved 1073152K
  class space    used 3384K, committed 3520K, reserved 1048576K
}
Event: 7.491 GC heap after
{Heap after GC invocations=8 (full 0):
 garbage-first heap   total 51200K, used 15496K [0x00000000c1a00000, 0x0000000100000000)
  region size 1024K, 4 young (4096K), 4 survivors (4096K)
 Metaspace       used 26091K, committed 26432K, reserved 1073152K
  class space    used 3384K, committed 3520K, reserved 1048576K
}
Event: 7.537 GC heap before
{Heap before GC invocations=8 (full 0):
 garbage-first heap   total 51200K, used 16520K [0x00000000c1a00000, 0x0000000100000000)
  region size 1024K, 5 young (5120K), 4 survivors (4096K)
 Metaspace       used 26194K, committed 26496K, reserved 1073152K
  class space    used 3399K, committed 3520K, reserved 1048576K
}
Event: 7.543 GC heap after
{Heap after GC invocations=9 (full 0):
 garbage-first heap   total 51200K, used 15777K [0x00000000c1a00000, 0x0000000100000000)
  region size 1024K, 1 young (1024K), 1 survivors (1024K)
 Metaspace       used 26194K, committed 26496K, reserved 1073152K
  class space    used 3399K, committed 3520K, reserved 1048576K
}
Event: 8.587 GC heap before
{Heap before GC invocations=9 (full 0):
 garbage-first heap   total 51200K, used 39329K [0x00000000c1a00000, 0x0000000100000000)
  region size 1024K, 23 young (23552K), 1 survivors (1024K)
 Metaspace       used 29542K, committed 29888K, reserved 1081344K
  class space    used 3755K, committed 3904K, reserved 1048576K
}
Event: 8.590 GC heap after
{Heap after GC invocations=10 (full 0):
 garbage-first heap   total 51200K, used 18123K [0x00000000c1a00000, 0x0000000100000000)
  region size 1024K, 2 young (2048K), 2 survivors (2048K)
 Metaspace       used 29542K, committed 29888K, reserved 1081344K
  class space    used 3755K, committed 3904K, reserved 1048576K
}
Event: 8.815 GC heap before
{Heap before GC invocations=10 (full 0):
 garbage-first heap   total 51200K, used 42699K [0x00000000c1a00000, 0x0000000100000000)
  region size 1024K, 22 young (22528K), 2 survivors (2048K)
 Metaspace       used 29559K, committed 29888K, reserved 1081344K
  class space    used 3756K, committed 3904K, reserved 1048576K
}
Event: 8.819 GC heap after
{Heap after GC invocations=11 (full 0):
 garbage-first heap   total 51200K, used 19569K [0x00000000c1a00000, 0x0000000100000000)
  region size 1024K, 3 young (3072K), 3 survivors (3072K)
 Metaspace       used 29559K, committed 29888K, reserved 1081344K
  class space    used 3756K, committed 3904K, reserved 1048576K
}
Event: 8.985 GC heap before
{Heap before GC invocations=11 (full 0):
 garbage-first heap   total 51200K, used 38001K [0x00000000c1a00000, 0x0000000100000000)
  region size 1024K, 21 young (21504K), 3 survivors (3072K)
 Metaspace       used 30079K, committed 30400K, reserved 1081344K
  class space    used 3800K, committed 3968K, reserved 1048576K
}
Event: 8.988 GC heap after
{Heap after GC invocations=12 (full 0):
 garbage-first heap   total 51200K, used 19881K [0x00000000c1a00000, 0x0000000100000000)
  region size 1024K, 1 young (1024K), 1 survivors (1024K)
 Metaspace       used 30079K, committed 30400K, reserved 1081344K
  class space    used 3800K, committed 3968K, reserved 1048576K
}
Event: 9.620 GC heap before
{Heap before GC invocations=12 (full 0):
 garbage-first heap   total 51200K, used 39337K [0x00000000c1a00000, 0x0000000100000000)
  region size 1024K, 20 young (20480K), 1 survivors (1024K)
 Metaspace       used 32440K, committed 32768K, reserved 1081344K
  class space    used 4125K, committed 4288K, reserved 1048576K
}
Event: 9.622 GC heap after
{Heap after GC invocations=13 (full 0):
 garbage-first heap   total 70656K, used 20550K [0x00000000c1a00000, 0x0000000100000000)
  region size 1024K, 2 young (2048K), 2 survivors (2048K)
 Metaspace       used 32440K, committed 32768K, reserved 1081344K
  class space    used 4125K, committed 4288K, reserved 1048576K
}
Event: 10.801 GC heap before
{Heap before GC invocations=13 (full 0):
 garbage-first heap   total 70656K, used 36934K [0x00000000c1a00000, 0x0000000100000000)
  region size 1024K, 19 young (19456K), 2 survivors (2048K)
 Metaspace       used 35634K, committed 35968K, reserved 1081344K
  class space    used 4650K, committed 4800K, reserved 1048576K
}
Event: 10.806 GC heap after
{Heap after GC invocations=14 (full 0):
 garbage-first heap   total 70656K, used 22496K [0x00000000c1a00000, 0x0000000100000000)
  region size 1024K, 3 young (3072K), 3 survivors (3072K)
 Metaspace       used 35634K, committed 35968K, reserved 1081344K
  class space    used 4650K, committed 4800K, reserved 1048576K
}

